2018-10-09 16:57:30 [scrapy.utils.log] INFO: Scrapy 1.5.1 started (bot: Tips)
2018-10-09 16:57:30 [scrapy.utils.log] INFO: Versions: lxml 4.2.1.0, libxml2 2.9.8, cssselect 1.0.3, parsel 1.5.0, w3lib 1.19.0, Twisted 18.7.0, Python 3.6.5 |Anaconda, Inc.| (default, Apr 29 2018, 16:14:56) - [GCC 7.2.0], pyOpenSSL 18.0.0 (OpenSSL 1.0.2o  27 Mar 2018), cryptography 2.2.2, Platform Linux-4.15.0-21deepin-generic-x86_64-with-debian-8.0
2018-10-09 16:57:30 [scrapy.crawler] INFO: Overridden settings: {'BOT_NAME': 'Tips', 'LOG_FILE': 'logs/Tips/shoot/525dbf52cba111e8b6f054ee75c0e204.log', 'NEWSPIDER_MODULE': 'Tips.spiders', 'SPIDER_MODULES': ['Tips.spiders']}
2018-10-09 16:57:30 [scrapy.middleware] INFO: Enabled extensions:
['scrapy.extensions.corestats.CoreStats',
 'scrapy.extensions.telnet.TelnetConsole',
 'scrapy.extensions.memusage.MemoryUsage',
 'scrapy.extensions.logstats.LogStats']
2018-10-09 16:57:30 [scrapy.middleware] INFO: Enabled downloader middlewares:
['scrapy.downloadermiddlewares.httpauth.HttpAuthMiddleware',
 'scrapy.downloadermiddlewares.downloadtimeout.DownloadTimeoutMiddleware',
 'scrapy.downloadermiddlewares.defaultheaders.DefaultHeadersMiddleware',
 'scrapy.downloadermiddlewares.useragent.UserAgentMiddleware',
 'scrapy.downloadermiddlewares.retry.RetryMiddleware',
 'scrapy.downloadermiddlewares.redirect.MetaRefreshMiddleware',
 'scrapy.downloadermiddlewares.httpcompression.HttpCompressionMiddleware',
 'scrapy.downloadermiddlewares.redirect.RedirectMiddleware',
 'scrapy.downloadermiddlewares.cookies.CookiesMiddleware',
 'scrapy.downloadermiddlewares.httpproxy.HttpProxyMiddleware',
 'scrapy.downloadermiddlewares.stats.DownloaderStats']
2018-10-09 16:57:30 [scrapy.middleware] INFO: Enabled spider middlewares:
['scrapy.spidermiddlewares.httperror.HttpErrorMiddleware',
 'scrapy.spidermiddlewares.offsite.OffsiteMiddleware',
 'scrapy.spidermiddlewares.referer.RefererMiddleware',
 'scrapy.spidermiddlewares.urllength.UrlLengthMiddleware',
 'scrapy.spidermiddlewares.depth.DepthMiddleware']
2018-10-09 16:57:30 [scrapy.middleware] INFO: Enabled item pipelines:
[]
2018-10-09 16:57:30 [scrapy.core.engine] INFO: Spider opened
2018-10-09 16:57:30 [scrapy.extensions.logstats] INFO: Crawled 0 pages (at 0 pages/min), scraped 0 items (at 0 items/min)
2018-10-09 16:57:30 [scrapy.extensions.telnet] DEBUG: Telnet console listening on 127.0.0.1:6024
2018-10-09 16:57:30 [scrapy.core.engine] DEBUG: Crawled (200) <GET http://www.baidu.com/> (referer: None)
2018-10-09 16:57:55 [scrapy.core.engine] INFO: Closing spider (finished)
2018-10-09 16:57:55 [scrapy.statscollectors] INFO: Dumping Scrapy stats:
{'downloader/request_bytes': 212,
 'downloader/request_count': 1,
 'downloader/request_method_count/GET': 1,
 'downloader/response_bytes': 1476,
 'downloader/response_count': 1,
 'downloader/response_status_count/200': 1,
 'finish_reason': 'finished',
 'finish_time': datetime.datetime(2018, 10, 9, 8, 57, 55, 580920),
 'log_count/DEBUG': 2,
 'log_count/INFO': 7,
 'memusage/max': 57860096,
 'memusage/startup': 57860096,
 'response_received_count': 1,
 'scheduler/dequeued': 1,
 'scheduler/dequeued/memory': 1,
 'scheduler/enqueued': 1,
 'scheduler/enqueued/memory': 1,
 'start_time': datetime.datetime(2018, 10, 9, 8, 57, 30, 300385)}
2018-10-09 16:57:55 [scrapy.core.engine] INFO: Spider closed (finished)
